<?xml version="1.0" encoding="UTF-8"?>
<!-- Generated by org.testng.reporters.JUnitXMLReporter -->
<testsuite ignored="0" hostname="DESKTOP-207AJHH" failures="0" tests="2" name="Default test" time="5.331" errors="0" timestamp="2021-11-18T22:43:40 IST">
  <testcase classname="practise.RestAssured2.Single_User_GET_Request" name="verifyHeaderForRequest" time="5.085"/>
  <testcase classname="practise.RestAssured2.Single_User_GET_Request" name="verifyStatusCodeForRequest" time="0.128"/>
</testsuite> <!-- Default test -->
