<?xml version="1.0" encoding="UTF-8"?>
<!-- Generated by org.testng.reporters.JUnitXMLReporter -->
<testsuite ignored="0" hostname="DESKTOP-207AJHH" failures="0" tests="2" name="Default test" time="6.256" errors="0" timestamp="2021-11-21T13:49:59 IST">
  <testcase classname="practise.RestAssured2.List_Resources_GET_Request" name="verifyResponseBodyForRequest" time="1.642"/>
  <testcase classname="practise.RestAssured2.List_Resources_GET_Request" name="verifyStatusCodeForRequest" time="0.004"/>
</testsuite> <!-- Default test -->
