<?xml version="1.0" encoding="UTF-8"?>
<!-- Generated by org.testng.reporters.JUnitXMLReporter -->
<testsuite ignored="0" hostname="DESKTOP-207AJHH" failures="0" tests="2" name="Test Delete_User_Request" time="5.231" errors="0" timestamp="2021-11-27T18:03:41 IST">
  <testcase classname="practise.RestAssured2.Delete_User_Request" name="verifyResponseBodyForDeleteRequest" time="0.047"/>
  <testcase classname="practise.RestAssured2.Delete_User_Request" name="verifyStatusCode" time="0.002"/>
</testsuite> <!-- Test Delete_User_Request -->
