<?xml version="1.0" encoding="UTF-8"?>
<!-- Generated by org.testng.reporters.JUnitXMLReporter -->
<testsuite ignored="0" hostname="DESKTOP-207AJHH" failures="0" tests="2" name="Test Single_User_Not_Found_GET_Request" time="0.284" errors="0" timestamp="2021-11-21T13:32:16 IST">
  <testcase classname="practise.RestAssured2.Single_User_Not_Found_GET_Request" name="verifyResponseBodyForRequest" time="0.003"/>
  <testcase classname="practise.RestAssured2.Single_User_Not_Found_GET_Request" name="verifyStatusCodeForRequest" time="0.002"/>
</testsuite> <!-- Test Single_User_Not_Found_GET_Request -->
