<?xml version="1.0" encoding="UTF-8"?>
<!-- Generated by org.testng.reporters.JUnitXMLReporter -->
<testsuite ignored="0" hostname="DESKTOP-207AJHH" failures="0" tests="3" name="Test List_Of_Users_GET_Request" time="6.754" errors="0" timestamp="2021-11-21T13:32:14 IST">
  <testcase classname="practise.RestAssured2.List_Of_Users_GET_Request" name="verifyHeaderValueForRequest" time="0.031"/>
  <testcase classname="practise.RestAssured2.List_Of_Users_GET_Request" name="verifyResponseBodyValueForRequest" time="1.573"/>
  <testcase classname="practise.RestAssured2.List_Of_Users_GET_Request" name="verifyStatusCodeForRequest" time="0.008"/>
</testsuite> <!-- Test List_Of_Users_GET_Request -->
