<?xml version="1.0" encoding="UTF-8"?>
<!-- Generated by org.testng.reporters.JUnitXMLReporter -->
<testsuite ignored="0" hostname="DESKTOP-207AJHH" failures="0" tests="3" name="Test Create_User_POST_Request" time="6.637" errors="0" timestamp="2021-11-27T16:52:17 IST">
  <testcase classname="practise.RestAssured2.Create_User_POST_Request" name="verifyHeaderValueForPostRequest" time="0.033"/>
  <testcase classname="practise.RestAssured2.Create_User_POST_Request" name="verifyResponseBodyForPostRequest" time="1.492"/>
  <testcase classname="practise.RestAssured2.Create_User_POST_Request" name="verifyStatusCodeForPostRequest" time="0.016"/>
</testsuite> <!-- Test Create_User_POST_Request -->
