<?xml version="1.0" encoding="UTF-8"?>
<!-- Generated by org.testng.reporters.JUnitXMLReporter -->
<testsuite ignored="0" hostname="DESKTOP-207AJHH" failures="0" tests="3" name="Test Single_User_GET_Request" time="0.174" errors="0" timestamp="2021-11-21T13:32:15 IST">
  <testcase classname="practise.RestAssured2.Single_User_GET_Request" name="getBodyResponseForRequest" time="0.032"/>
  <testcase classname="practise.RestAssured2.Single_User_GET_Request" name="verifyHeaderForRequest" time="0.009"/>
  <testcase classname="practise.RestAssured2.Single_User_GET_Request" name="verifyStatusCodeForRequest" time="0.002"/>
</testsuite> <!-- Test Single_User_GET_Request -->
