<?xml version="1.0" encoding="UTF-8"?>
<!-- Generated by org.testng.reporters.JUnitXMLReporter -->
<testsuite ignored="0" hostname="DESKTOP-207AJHH" failures="1" tests="1" name="Test Register_POST_Request" time="4.925" errors="0" timestamp="2021-11-27T22:27:16 IST">
  <testcase classname="RegisterTest.Register_POST_Request" name="verifyStatusCode" time="0.032">
    <failure type="java.lang.AssertionError" message="expected [200] but found [400]">
      <![CDATA[java.lang.AssertionError: expected [200] but found [400]
at RegisterTest.Register_POST_Request.verifyStatusCode(Register_POST_Request.java:51)
at java.base/java.util.ArrayList.forEach(ArrayList.java:1511)
... Removed 33 stack frames]]>
    </failure>
  </testcase> <!-- verifyStatusCode -->
</testsuite> <!-- Test Register_POST_Request -->
