<?xml version="1.0" encoding="UTF-8"?>
<!-- Generated by org.testng.reporters.JUnitXMLReporter -->
<testsuite ignored="0" hostname="DESKTOP-207AJHH" failures="0" tests="3" name="Test" time="6.506" errors="0" timestamp="2021-11-20T16:17:02 IST">
  <testcase classname="practise.RestAssured2.List_Of_Users_GET_Request" name="verifyHeaderValueForRequest" time="0.044"/>
  <testcase classname="practise.RestAssured2.List_Of_Users_GET_Request" name="verifyResponseBodyValueForRequest" time="1.482"/>
  <testcase classname="practise.RestAssured2.List_Of_Users_GET_Request" name="verifyStatusCodeForRequest" time="0.007"/>
</testsuite> <!-- Test -->
