<?xml version="1.0" encoding="UTF-8"?>
<testng-results ignored="0" total="3" passed="3" failed="0" skipped="0">
  <reporter-output>
  </reporter-output>
  <suite started-at="2021-11-18T08:30:41 IST" name="Default suite" finished-at="2021-11-18T08:30:48 IST" duration-ms="6872">
    <groups>
    </groups>
    <test started-at="2021-11-18T08:30:41 IST" name="Default test" finished-at="2021-11-18T08:30:48 IST" duration-ms="6872">
      <class name="practise.RestAssured2.List_Of_Users_GET_Request">
        <test-method signature="verifyHeaderValueForRequest()[pri:0, instance:practise.RestAssured2.List_Of_Users_GET_Request@1613674b]" started-at="2021-11-18T08:30:41 IST" name="verifyHeaderValueForRequest" finished-at="2021-11-18T08:30:46 IST" duration-ms="4870" status="PASS">
          <reporter-output>
          </reporter-output>
        </test-method> <!-- verifyHeaderValueForRequest -->
        <test-method signature="verifyResponseBodyValueForRequest()[pri:0, instance:practise.RestAssured2.List_Of_Users_GET_Request@1613674b]" started-at="2021-11-18T08:30:46 IST" name="verifyResponseBodyValueForRequest" finished-at="2021-11-18T08:30:48 IST" duration-ms="1726" status="PASS">
          <reporter-output>
          </reporter-output>
        </test-method> <!-- verifyResponseBodyValueForRequest -->
        <test-method signature="verifyStatusCodeForRequest()[pri:0, instance:practise.RestAssured2.List_Of_Users_GET_Request@1613674b]" started-at="2021-11-18T08:30:48 IST" name="verifyStatusCodeForRequest" finished-at="2021-11-18T08:30:48 IST" duration-ms="163" status="PASS">
          <reporter-output>
          </reporter-output>
        </test-method> <!-- verifyStatusCodeForRequest -->
      </class> <!-- practise.RestAssured2.List_Of_Users_GET_Request -->
    </test> <!-- Default test -->
  </suite> <!-- Default suite -->
</testng-results>
